This file contains any messages produced by compilers while
running configure, to aid debugging if configure makes a mistake.

It was created by Haskell CUDA BLAS bindings configure 0.1.0.0, which was
generated by GNU Autoconf 2.61.  Invocation command line was

  $ configure --with-compiler=ghc --prefix=/home/kevin/.cabal --with-gcc=/usr/bin/gcc

## --------- ##
## Platform. ##
## --------- ##

hostname = aramaki
uname -m = x86_64
uname -r = 3.2.0-26-generic
uname -s = Linux
uname -v = #41-Ubuntu SMP Thu Jun 14 17:49:24 UTC 2012

/usr/bin/uname -p = unknown
/bin/uname -X     = unknown

/bin/arch              = unknown
/usr/bin/arch -k       = unknown
/usr/convex/getsysinfo = unknown
/usr/bin/hostinfo      = unknown
/bin/machine           = unknown
/usr/bin/oslevel       = unknown
/bin/universe          = unknown

PATH: /usr/local/cuda/bin
PATH: /home/kevin/bin
PATH: /usr/lib/lightdm/lightdm
PATH: /usr/local/sbin
PATH: /usr/local/bin
PATH: /usr/sbin
PATH: /usr/bin
PATH: /sbin
PATH: /bin
PATH: /usr/games


## ----------- ##
## Core tests. ##
## ----------- ##

configure:1757: checking for gcc
configure:1773: found /usr/bin/gcc
configure:1784: result: gcc
configure:2022: checking for C compiler version
configure:2029: gcc --version >&5
gcc (Ubuntu/Linaro 4.6.3-1ubuntu5) 4.6.3
Copyright (C) 2011 Free Software Foundation, Inc.
This is free software; see the source for copying conditions.  There is NO
warranty; not even for MERCHANTABILITY or FITNESS FOR A PARTICULAR PURPOSE.

configure:2032: $? = 0
configure:2039: gcc -v >&5
Using built-in specs.
COLLECT_GCC=gcc
COLLECT_LTO_WRAPPER=/usr/lib/gcc/x86_64-linux-gnu/4.6/lto-wrapper
Target: x86_64-linux-gnu
Configured with: ../src/configure -v --with-pkgversion='Ubuntu/Linaro 4.6.3-1ubuntu5' --with-bugurl=file:///usr/share/doc/gcc-4.6/README.Bugs --enable-languages=c,c++,fortran,objc,obj-c++ --prefix=/usr --program-suffix=-4.6 --enable-shared --enable-linker-build-id --with-system-zlib --libexecdir=/usr/lib --without-included-gettext --enable-threads=posix --with-gxx-include-dir=/usr/include/c++/4.6 --libdir=/usr/lib --enable-nls --with-sysroot=/ --enable-clocale=gnu --enable-libstdcxx-debug --enable-libstdcxx-time=yes --enable-gnu-unique-object --enable-plugin --enable-objc-gc --disable-werror --with-arch-32=i686 --with-tune=generic --enable-checking=release --build=x86_64-linux-gnu --host=x86_64-linux-gnu --target=x86_64-linux-gnu
Thread model: posix
gcc version 4.6.3 (Ubuntu/Linaro 4.6.3-1ubuntu5) 
configure:2042: $? = 0
configure:2049: gcc -V >&5
gcc: error: unrecognized option '-V'
gcc: fatal error: no input files
compilation terminated.
configure:2052: $? = 4
configure:2075: checking for C compiler default output file name
configure:2102: gcc -Wl,--hash-size=31 -Wl,--reduce-memory-overheads   conftest.c  >&5
configure:2105: $? = 0
configure:2143: result: a.out
configure:2160: checking whether the C compiler works
configure:2170: ./a.out
configure:2173: $? = 0
configure:2190: result: yes
configure:2197: checking whether we are cross compiling
configure:2199: result: no
configure:2202: checking for suffix of executables
configure:2209: gcc -o conftest -Wl,--hash-size=31 -Wl,--reduce-memory-overheads   conftest.c  >&5
configure:2212: $? = 0
configure:2236: result: 
configure:2242: checking for suffix of object files
configure:2268: gcc -c -Wl,--hash-size=31 -Wl,--reduce-memory-overheads  conftest.c >&5
configure:2271: $? = 0
configure:2294: result: o
configure:2298: checking whether we are using the GNU C compiler
configure:2327: gcc -c -Wl,--hash-size=31 -Wl,--reduce-memory-overheads  conftest.c >&5
configure:2333: $? = 0
configure:2350: result: yes
configure:2355: checking whether gcc accepts -g
configure:2385: gcc -c -g  conftest.c >&5
configure:2391: $? = 0
configure:2490: result: yes
configure:2507: checking for gcc option to accept ISO C89
configure:2581: gcc  -c -Wl,--hash-size=31 -Wl,--reduce-memory-overheads  conftest.c >&5
configure:2587: $? = 0
configure:2610: result: none needed
configure:2668: checking build system type
configure:2686: result: x86_64-unknown-linux-gnu
configure:2708: checking host system type
configure:2723: result: x86_64-unknown-linux-gnu
configure:2745: checking target system type
configure:2760: result: x86_64-unknown-linux-gnu
configure:2795: checking for nvcc
configure:2813: found /usr/local/cuda/bin/nvcc
configure:2825: result: /usr/local/cuda/bin/nvcc
configure:2850: checking for Apple Blocks extension
configure:2860: result: no
configure:2897: checking how to run the C preprocessor
configure:2937: gcc -E  -I/usr/local/cuda/include  conftest.c
configure:2943: $? = 0
configure:2974: gcc -E  -I/usr/local/cuda/include  conftest.c
conftest.c:8:28: fatal error: ac_nonexistent.h: No such file or directory
compilation terminated.
configure:2980: $? = 1
configure: failed program was:
| /* confdefs.h.  */
| #define PACKAGE_NAME "Haskell CUDA BLAS bindings"
| #define PACKAGE_TARNAME "cublas"
| #define PACKAGE_VERSION "0.1.0.0"
| #define PACKAGE_STRING "Haskell CUDA BLAS bindings 0.1.0.0"
| #define PACKAGE_BUGREPORT "tmcdonell@cse.unsw.edu.au"
| /* end confdefs.h.  */
| #include <ac_nonexistent.h>
configure:3013: result: gcc -E
configure:3042: gcc -E  -I/usr/local/cuda/include  conftest.c
configure:3048: $? = 0
configure:3079: gcc -E  -I/usr/local/cuda/include  conftest.c
conftest.c:8:28: fatal error: ac_nonexistent.h: No such file or directory
compilation terminated.
configure:3085: $? = 1
configure: failed program was:
| /* confdefs.h.  */
| #define PACKAGE_NAME "Haskell CUDA BLAS bindings"
| #define PACKAGE_TARNAME "cublas"
| #define PACKAGE_VERSION "0.1.0.0"
| #define PACKAGE_STRING "Haskell CUDA BLAS bindings 0.1.0.0"
| #define PACKAGE_BUGREPORT "tmcdonell@cse.unsw.edu.au"
| /* end confdefs.h.  */
| #include <ac_nonexistent.h>
configure:3123: checking for grep that handles long lines and -e
configure:3197: result: /bin/grep
configure:3202: checking for egrep
configure:3280: result: /bin/grep -E
configure:3285: checking for ANSI C header files
configure:3315: gcc -c -Wl,--hash-size=31 -Wl,--reduce-memory-overheads  -I/usr/local/cuda/include  conftest.c >&5
configure:3321: $? = 0
configure:3420: gcc -o conftest -Wl,--hash-size=31 -Wl,--reduce-memory-overheads  -I/usr/local/cuda/include   -L/usr/local/cuda/lib64  conftest.c  >&5
configure:3423: $? = 0
configure:3429: ./conftest
configure:3432: $? = 0
configure:3449: result: yes
configure:3473: checking for sys/types.h
configure:3494: gcc -c -Wl,--hash-size=31 -Wl,--reduce-memory-overheads  -I/usr/local/cuda/include  conftest.c >&5
configure:3500: $? = 0
configure:3516: result: yes
configure:3473: checking for sys/stat.h
configure:3494: gcc -c -Wl,--hash-size=31 -Wl,--reduce-memory-overheads  -I/usr/local/cuda/include  conftest.c >&5
configure:3500: $? = 0
configure:3516: result: yes
configure:3473: checking for stdlib.h
configure:3494: gcc -c -Wl,--hash-size=31 -Wl,--reduce-memory-overheads  -I/usr/local/cuda/include  conftest.c >&5
configure:3500: $? = 0
configure:3516: result: yes
configure:3473: checking for string.h
configure:3494: gcc -c -Wl,--hash-size=31 -Wl,--reduce-memory-overheads  -I/usr/local/cuda/include  conftest.c >&5
configure:3500: $? = 0
configure:3516: result: yes
configure:3473: checking for memory.h
configure:3494: gcc -c -Wl,--hash-size=31 -Wl,--reduce-memory-overheads  -I/usr/local/cuda/include  conftest.c >&5
configure:3500: $? = 0
configure:3516: result: yes
configure:3473: checking for strings.h
configure:3494: gcc -c -Wl,--hash-size=31 -Wl,--reduce-memory-overheads  -I/usr/local/cuda/include  conftest.c >&5
configure:3500: $? = 0
configure:3516: result: yes
configure:3473: checking for inttypes.h
configure:3494: gcc -c -Wl,--hash-size=31 -Wl,--reduce-memory-overheads  -I/usr/local/cuda/include  conftest.c >&5
configure:3500: $? = 0
configure:3516: result: yes
configure:3473: checking for stdint.h
configure:3494: gcc -c -Wl,--hash-size=31 -Wl,--reduce-memory-overheads  -I/usr/local/cuda/include  conftest.c >&5
configure:3500: $? = 0
configure:3516: result: yes
configure:3473: checking for unistd.h
configure:3494: gcc -c -Wl,--hash-size=31 -Wl,--reduce-memory-overheads  -I/usr/local/cuda/include  conftest.c >&5
configure:3500: $? = 0
configure:3516: result: yes
configure:3543: checking cublas_v2.h usability
configure:3560: gcc -c -Wl,--hash-size=31 -Wl,--reduce-memory-overheads  -I/usr/local/cuda/include  conftest.c >&5
configure:3566: $? = 0
configure:3580: result: yes
configure:3584: checking cublas_v2.h presence
configure:3599: gcc -E  -I/usr/local/cuda/include  conftest.c
configure:3605: $? = 0
configure:3619: result: yes
configure:3652: checking for cublas_v2.h
configure:3660: result: yes
configure:3677: checking for library containing cublasGetVersion
configure:3718: gcc -o conftest -Wl,--hash-size=31 -Wl,--reduce-memory-overheads  -I/usr/local/cuda/include   -L/usr/local/cuda/lib64  conftest.c  >&5
/tmp/ccswrqe5.o: In function `main':
conftest.c:(.text+0xa): undefined reference to `cublasGetVersion'
collect2: ld returned 1 exit status
configure:3724: $? = 1
configure: failed program was:
| /* confdefs.h.  */
| #define PACKAGE_NAME "Haskell CUDA BLAS bindings"
| #define PACKAGE_TARNAME "cublas"
| #define PACKAGE_VERSION "0.1.0.0"
| #define PACKAGE_STRING "Haskell CUDA BLAS bindings 0.1.0.0"
| #define PACKAGE_BUGREPORT "tmcdonell@cse.unsw.edu.au"
| #define STDC_HEADERS 1
| #define HAVE_SYS_TYPES_H 1
| #define HAVE_SYS_STAT_H 1
| #define HAVE_STDLIB_H 1
| #define HAVE_STRING_H 1
| #define HAVE_MEMORY_H 1
| #define HAVE_STRINGS_H 1
| #define HAVE_INTTYPES_H 1
| #define HAVE_STDINT_H 1
| #define HAVE_UNISTD_H 1
| #define HAVE_CUBLAS_V2_H 1
| /* end confdefs.h.  */
| 
| /* Override any GCC internal prototype to avoid an error.
|    Use char because int might match the return type of a GCC
|    builtin and then its argument prototype would still apply.  */
| #ifdef __cplusplus
| extern "C"
| #endif
| char cublasGetVersion ();
| int
| main ()
| {
| return cublasGetVersion ();
|   ;
|   return 0;
| }
configure:3718: gcc -o conftest -Wl,--hash-size=31 -Wl,--reduce-memory-overheads  -I/usr/local/cuda/include   -L/usr/local/cuda/lib64  conftest.c -lcublas   >&5
configure:3724: $? = 0
configure:3752: result: -lcublas
configure:3903: creating ./config.status

## ---------------------- ##
## Running config.status. ##
## ---------------------- ##

This file was extended by Haskell CUDA BLAS bindings config.status 0.1.0.0, which was
generated by GNU Autoconf 2.61.  Invocation command line was

  CONFIG_FILES    = 
  CONFIG_HEADERS  = 
  CONFIG_LINKS    = 
  CONFIG_COMMANDS = 
  $ ./config.status 

on aramaki

config.status:590: creating cublas.buildinfo

## ---------------- ##
## Cache variables. ##
## ---------------- ##

ac_cv_build=x86_64-unknown-linux-gnu
ac_cv_c_compiler_gnu=yes
ac_cv_env_CC_set=
ac_cv_env_CC_value=
ac_cv_env_CFLAGS_set=set
ac_cv_env_CFLAGS_value='-Wl,--hash-size=31 -Wl,--reduce-memory-overheads'
ac_cv_env_CPPFLAGS_set=
ac_cv_env_CPPFLAGS_value=
ac_cv_env_CPP_set=
ac_cv_env_CPP_value=
ac_cv_env_LDFLAGS_set=
ac_cv_env_LDFLAGS_value=
ac_cv_env_LIBS_set=
ac_cv_env_LIBS_value=
ac_cv_env_build_alias_set=
ac_cv_env_build_alias_value=
ac_cv_env_host_alias_set=
ac_cv_env_host_alias_value=
ac_cv_env_target_alias_set=
ac_cv_env_target_alias_value=
ac_cv_header_cublas_v2_h=yes
ac_cv_header_inttypes_h=yes
ac_cv_header_memory_h=yes
ac_cv_header_stdc=yes
ac_cv_header_stdint_h=yes
ac_cv_header_stdlib_h=yes
ac_cv_header_string_h=yes
ac_cv_header_strings_h=yes
ac_cv_header_sys_stat_h=yes
ac_cv_header_sys_types_h=yes
ac_cv_header_unistd_h=yes
ac_cv_host=x86_64-unknown-linux-gnu
ac_cv_objext=o
ac_cv_path_EGREP='/bin/grep -E'
ac_cv_path_GREP=/bin/grep
ac_cv_path_NVCC=/usr/local/cuda/bin/nvcc
ac_cv_prog_CPP='gcc -E'
ac_cv_prog_ac_ct_CC=gcc
ac_cv_prog_cc_c89=
ac_cv_prog_cc_g=yes
ac_cv_search_cublasGetVersion=-lcublas
ac_cv_target=x86_64-unknown-linux-gnu

## ----------------- ##
## Output variables. ##
## ----------------- ##

CC='gcc'
CFLAGS='-Wl,--hash-size=31 -Wl,--reduce-memory-overheads'
CPP='gcc -E'
CPPFLAGS=' -I/usr/local/cuda/include '
DEFS='-DPACKAGE_NAME=\"Haskell\ CUDA\ BLAS\ bindings\" -DPACKAGE_TARNAME=\"cublas\" -DPACKAGE_VERSION=\"0.1.0.0\" -DPACKAGE_STRING=\"Haskell\ CUDA\ BLAS\ bindings\ 0.1.0.0\" -DPACKAGE_BUGREPORT=\"tmcdonell@cse.unsw.edu.au\" -DSTDC_HEADERS=1 -DHAVE_SYS_TYPES_H=1 -DHAVE_SYS_STAT_H=1 -DHAVE_STDLIB_H=1 -DHAVE_STRING_H=1 -DHAVE_MEMORY_H=1 -DHAVE_STRINGS_H=1 -DHAVE_INTTYPES_H=1 -DHAVE_STDINT_H=1 -DHAVE_UNISTD_H=1 -DHAVE_CUBLAS_V2_H=1'
ECHO_C=''
ECHO_N='-n'
ECHO_T=''
EGREP='/bin/grep -E'
EXEEXT=''
GREP='/bin/grep'
LDFLAGS=' -L/usr/local/cuda/lib64 '
LIBOBJS=''
LIBS='-lcublas '
LTLIBOBJS=''
NVCC='/usr/local/cuda/bin/nvcc'
OBJEXT='o'
PACKAGE_BUGREPORT='tmcdonell@cse.unsw.edu.au'
PACKAGE_NAME='Haskell CUDA BLAS bindings'
PACKAGE_STRING='Haskell CUDA BLAS bindings 0.1.0.0'
PACKAGE_TARNAME='cublas'
PACKAGE_VERSION='0.1.0.0'
PATH_SEPARATOR=':'
SHELL='/bin/bash'
ac_ct_CC='gcc'
bindir='${exec_prefix}/bin'
build='x86_64-unknown-linux-gnu'
build_alias=''
build_cpu='x86_64'
build_os='linux-gnu'
build_vendor='unknown'
cuda_c2hsflags='--cpp=/usr/local/cuda/bin/nvcc --cppopts=-E '
cuda_cppflags=' -I/usr/local/cuda/include  '
cuda_ldflags=' -L/usr/local/cuda/lib64  -lcublas  '
datadir='${datarootdir}'
datarootdir='${prefix}/share'
docdir='${datarootdir}/doc/${PACKAGE_TARNAME}'
dvidir='${docdir}'
exec_prefix='${prefix}'
host='x86_64-unknown-linux-gnu'
host_alias=''
host_cpu='x86_64'
host_os='linux-gnu'
host_vendor='unknown'
htmldir='${docdir}'
includedir='${prefix}/include'
infodir='${datarootdir}/info'
libdir='${exec_prefix}/lib'
libexecdir='${exec_prefix}/libexec'
localedir='${datarootdir}/locale'
localstatedir='${prefix}/var'
mandir='${datarootdir}/man'
oldincludedir='/usr/include'
pdfdir='${docdir}'
prefix='/home/kevin/.cabal'
program_transform_name='s,x,x,'
psdir='${docdir}'
sbindir='${exec_prefix}/sbin'
sharedstatedir='${prefix}/com'
sysconfdir='${prefix}/etc'
target='x86_64-unknown-linux-gnu'
target_alias=''
target_cpu='x86_64'
target_os='linux-gnu'
target_vendor='unknown'

## ----------- ##
## confdefs.h. ##
## ----------- ##

#define PACKAGE_NAME "Haskell CUDA BLAS bindings"
#define PACKAGE_TARNAME "cublas"
#define PACKAGE_VERSION "0.1.0.0"
#define PACKAGE_STRING "Haskell CUDA BLAS bindings 0.1.0.0"
#define PACKAGE_BUGREPORT "tmcdonell@cse.unsw.edu.au"
#define STDC_HEADERS 1
#define HAVE_SYS_TYPES_H 1
#define HAVE_SYS_STAT_H 1
#define HAVE_STDLIB_H 1
#define HAVE_STRING_H 1
#define HAVE_MEMORY_H 1
#define HAVE_STRINGS_H 1
#define HAVE_INTTYPES_H 1
#define HAVE_STDINT_H 1
#define HAVE_UNISTD_H 1
#define HAVE_CUBLAS_V2_H 1

configure: exit 0
